<?xml version="1.0" encoding="UTF-8"?>
<coverage generated="1683133564219" clover="3.2.0">
  <project timestamp="1683133564219" name="All files">
    <metrics statements="71" coveredstatements="66" conditionals="9" coveredconditionals="7" methods="33" coveredmethods="25" elements="113" coveredelements="98" complexity="0" loc="71" ncloc="71" packages="7" files="14" classes="14"/>
    <package name="components">
      <metrics statements="2" coveredstatements="2" conditionals="2" coveredconditionals="2" methods="2" coveredmethods="2"/>
      <file name="Text.tsx" path="C:\Users\biel_\Projects\StarWarsExplorerMobile\src\components\Text.tsx">
        <metrics statements="2" coveredstatements="2" conditionals="2" coveredconditionals="2" methods="2" coveredmethods="2"/>
        <line num="9" count="30" type="stmt"/>
        <line num="11" count="30" type="cond" truecount="2" falsecount="0"/>
      </file>
    </package>
    <package name="config">
      <metrics statements="3" coveredstatements="3" conditionals="0" coveredconditionals="0" methods="0" coveredmethods="0"/>
      <file name="api.ts" path="C:\Users\biel_\Projects\StarWarsExplorerMobile\src\config\api.ts">
        <metrics statements="1" coveredstatements="1" conditionals="0" coveredconditionals="0" methods="0" coveredmethods="0"/>
        <line num="4" count="1" type="stmt"/>
      </file>
      <file name="colors.ts" path="C:\Users\biel_\Projects\StarWarsExplorerMobile\src\config\colors.ts">
        <metrics statements="1" coveredstatements="1" conditionals="0" coveredconditionals="0" methods="0" coveredmethods="0"/>
        <line num="1" count="2" type="stmt"/>
      </file>
      <file name="theme.ts" path="C:\Users\biel_\Projects\StarWarsExplorerMobile\src\config\theme.ts">
        <metrics statements="1" coveredstatements="1" conditionals="0" coveredconditionals="0" methods="0" coveredmethods="0"/>
        <line num="3" count="2" type="stmt"/>
      </file>
    </package>
    <package name="helpers">
      <metrics statements="4" coveredstatements="4" conditionals="0" coveredconditionals="0" methods="1" coveredmethods="1"/>
      <file name="setupTestHelper.tsx" path="C:\Users\biel_\Projects\StarWarsExplorerMobile\src\helpers\setupTestHelper.tsx">
        <metrics statements="4" coveredstatements="4" conditionals="0" coveredconditionals="0" methods="1" coveredmethods="1"/>
        <line num="10" count="2" type="stmt"/>
        <line num="13" count="4" type="stmt"/>
        <line num="14" count="4" type="stmt"/>
        <line num="16" count="4" type="stmt"/>
      </file>
    </package>
    <package name="hooks">
      <metrics statements="2" coveredstatements="2" conditionals="0" coveredconditionals="0" methods="0" coveredmethods="0"/>
      <file name="useAppDispatch.ts" path="C:\Users\biel_\Projects\StarWarsExplorerMobile\src\hooks\useAppDispatch.ts">
        <metrics statements="1" coveredstatements="1" conditionals="0" coveredconditionals="0" methods="0" coveredmethods="0"/>
        <line num="4" count="2" type="stmt"/>
      </file>
      <file name="useAppSelector.ts" path="C:\Users\biel_\Projects\StarWarsExplorerMobile\src\hooks\useAppSelector.ts">
        <metrics statements="1" coveredstatements="1" conditionals="0" coveredconditionals="0" methods="0" coveredmethods="0"/>
        <line num="5" count="1" type="stmt"/>
      </file>
    </package>
    <package name="providers">
      <metrics statements="1" coveredstatements="1" conditionals="0" coveredconditionals="0" methods="1" coveredmethods="1"/>
      <file name="ThemeProvider.tsx" path="C:\Users\biel_\Projects\StarWarsExplorerMobile\src\providers\ThemeProvider.tsx">
        <metrics statements="1" coveredstatements="1" conditionals="0" coveredconditionals="0" methods="1" coveredmethods="1"/>
        <line num="6" count="4" type="stmt"/>
      </file>
    </package>
    <package name="reducers.movies">
      <metrics statements="21" coveredstatements="18" conditionals="2" coveredconditionals="1" methods="10" coveredmethods="7"/>
      <file name="moviesSagas.ts" path="C:\Users\biel_\Projects\StarWarsExplorerMobile\src\reducers\movies\moviesSagas.ts">
        <metrics statements="6" coveredstatements="5" conditionals="0" coveredconditionals="0" methods="2" coveredmethods="1"/>
        <line num="8" count="2" type="stmt"/>
        <line num="10" count="2" type="stmt"/>
        <line num="11" count="2" type="stmt"/>
        <line num="15" count="1" type="stmt"/>
        <line num="17" count="1" type="stmt"/>
        <line num="22" count="0" type="stmt"/>
      </file>
      <file name="moviesSelectors.ts" path="C:\Users\biel_\Projects\StarWarsExplorerMobile\src\reducers\movies\moviesSelectors.ts">
        <metrics statements="2" coveredstatements="2" conditionals="0" coveredconditionals="0" methods="2" coveredmethods="2"/>
        <line num="3" count="1" type="stmt"/>
        <line num="5" count="1" type="stmt"/>
      </file>
      <file name="moviesSlice.ts" path="C:\Users\biel_\Projects\StarWarsExplorerMobile\src\reducers\movies\moviesSlice.ts">
        <metrics statements="13" coveredstatements="11" conditionals="2" coveredconditionals="1" methods="6" coveredmethods="4"/>
        <line num="13" count="4" type="stmt"/>
        <line num="20" count="4" type="stmt"/>
        <line num="25" count="1" type="stmt"/>
        <line num="26" count="1" type="stmt"/>
        <line num="29" count="1" type="stmt"/>
        <line num="30" count="1" type="stmt"/>
        <line num="33" count="1" type="stmt"/>
        <line num="34" count="1" type="stmt"/>
        <line num="37" count="1" type="cond" truecount="1" falsecount="1"/>
        <line num="38" count="0" type="stmt"/>
        <line num="39" count="0" type="stmt"/>
        <line num="42" count="1" type="stmt"/>
        <line num="49" count="4" type="stmt"/>
      </file>
    </package>
    <package name="screens.HomeScreen">
      <metrics statements="38" coveredstatements="36" conditionals="5" coveredconditionals="4" methods="19" coveredmethods="14"/>
      <file name="HomeScreen.tsx" path="C:\Users\biel_\Projects\StarWarsExplorerMobile\src\screens\HomeScreen\HomeScreen.tsx">
        <metrics statements="21" coveredstatements="20" conditionals="2" coveredconditionals="1" methods="11" coveredmethods="7"/>
        <line num="13" count="1" type="stmt"/>
        <line num="14" count="1" type="stmt"/>
        <line num="16" count="1" type="stmt"/>
        <line num="17" count="1" type="stmt"/>
        <line num="20" count="1" type="stmt"/>
        <line num="21" count="1" type="stmt"/>
        <line num="23" count="1" type="stmt"/>
        <line num="24" count="1" type="stmt"/>
        <line num="27" count="1" type="stmt"/>
        <line num="29" count="1" type="stmt"/>
        <line num="51" count="1" type="stmt"/>
        <line num="53" count="1" type="stmt"/>
        <line num="57" count="1" type="stmt"/>
        <line num="58" count="1" type="stmt"/>
        <line num="62" count="1" type="stmt"/>
        <line num="64" count="1" type="stmt"/>
        <line num="67" count="1" type="stmt"/>
        <line num="70" count="1" type="stmt"/>
        <line num="73" count="1" type="stmt"/>
        <line num="79" count="1" type="stmt"/>
        <line num="80" count="0" type="stmt"/>
      </file>
      <file name="MovieItem.tsx" path="C:\Users\biel_\Projects\StarWarsExplorerMobile\src\screens\HomeScreen\MovieItem.tsx">
        <metrics statements="10" coveredstatements="10" conditionals="3" coveredconditionals="3" methods="4" coveredmethods="4"/>
        <line num="14" count="2" type="stmt"/>
        <line num="15" count="4" type="stmt"/>
        <line num="16" count="4" type="stmt"/>
        <line num="18" count="4" type="stmt"/>
        <line num="19" count="1" type="stmt"/>
        <line num="22" count="4" type="stmt"/>
        <line num="54" count="2" type="stmt"/>
        <line num="56" count="4" type="stmt"/>
        <line num="60" count="2" type="stmt"/>
        <line num="63" count="16" type="cond" truecount="1" falsecount="0"/>
      </file>
      <file name="MoviesList.tsx" path="C:\Users\biel_\Projects\StarWarsExplorerMobile\src\screens\HomeScreen\MoviesList.tsx">
        <metrics statements="7" coveredstatements="6" conditionals="0" coveredconditionals="0" methods="4" coveredmethods="3"/>
        <line num="14" count="1" type="stmt"/>
        <line num="16" count="1" type="stmt"/>
        <line num="17" count="1" type="stmt"/>
        <line num="19" count="0" type="stmt"/>
        <line num="23" count="1" type="stmt"/>
        <line num="27" count="1" type="stmt"/>
        <line num="32" count="1" type="stmt"/>
      </file>
    </package>
  </project>
</coverage>
