{"C:\\Users\\biel_\\Projects\\StarWarsExplorerMobile\\src\\components\\Text.tsx": {"path":"C:\\Users\\biel_\\Projects\\StarWarsExplorerMobile\\src\\components\\Text.tsx","statementMap":{"0":{"start":{"line":9,"column":24},"end":{"line":9,"column":50}},"1":{"start":{"line":11,"column":4},"end":{"line":14,"column":5}}},"fnMap":{"0":{"name":"(anonymous_0)","decl":{"start":{"line":9,"column":11},"end":{"line":9,"column":12}},"loc":{"start":{"line":9,"column":24},"end":{"line":9,"column":50}},"line":9},"1":{"name":"(anonymous_1)","decl":{"start":{"line":10,"column":4},"end":{"line":10,"column":5}},"loc":{"start":{"line":11,"column":4},"end":{"line":14,"column":5}},"line":11}},"branchMap":{"0":{"loc":{"start":{"line":11,"column":4},"end":{"line":14,"column":5}},"type":"binary-expr","locations":[{"start":{"line":11,"column":4},"end":{"line":11,"column":10}},{"start":{"line":12,"column":4},"end":{"line":14,"column":5}}],"line":11}},"s":{"0":30,"1":30},"f":{"0":30,"1":30},"b":{"0":[30,8]},"_coverageSchema":"1a1c01bbd47fc00a2c39e90264f33305004495a9","hash":"34f5190c7cabc1a741b0a6050f2481a0d4d3385f"}
,"C:\\Users\\biel_\\Projects\\StarWarsExplorerMobile\\src\\config\\api.ts": {"path":"C:\\Users\\biel_\\Projects\\StarWarsExplorerMobile\\src\\config\\api.ts","statementMap":{"0":{"start":{"line":4,"column":12},"end":{"line":4,"column":52}}},"fnMap":{},"branchMap":{},"s":{"0":1},"f":{},"b":{},"_coverageSchema":"1a1c01bbd47fc00a2c39e90264f33305004495a9","hash":"325ee596572b6135c14bbbad467e2b2012433521"}
,"C:\\Users\\biel_\\Projects\\StarWarsExplorerMobile\\src\\config\\colors.ts": {"path":"C:\\Users\\biel_\\Projects\\StarWarsExplorerMobile\\src\\config\\colors.ts","statementMap":{"0":{"start":{"line":1,"column":22},"end":{"line":18,"column":1}}},"fnMap":{},"branchMap":{},"s":{"0":2},"f":{},"b":{},"_coverageSchema":"1a1c01bbd47fc00a2c39e90264f33305004495a9","hash":"3bb4ac77875d755b8e7d77fe59b0d36d750152e4"}
,"C:\\Users\\biel_\\Projects\\StarWarsExplorerMobile\\src\\config\\theme.ts": {"path":"C:\\Users\\biel_\\Projects\\StarWarsExplorerMobile\\src\\config\\theme.ts","statementMap":{"0":{"start":{"line":3,"column":14},"end":{"line":5,"column":1}}},"fnMap":{},"branchMap":{},"s":{"0":2},"f":{},"b":{},"_coverageSchema":"1a1c01bbd47fc00a2c39e90264f33305004495a9","hash":"74d63d4738a738f96032494da96a85751a3c92ee"}
,"C:\\Users\\biel_\\Projects\\StarWarsExplorerMobile\\src\\helpers\\setupTestHelper.tsx": {"path":"C:\\Users\\biel_\\Projects\\StarWarsExplorerMobile\\src\\helpers\\setupTestHelper.tsx","statementMap":{"0":{"start":{"line":10,"column":0},"end":{"line":10,"column":21}},"1":{"start":{"line":13,"column":20},"end":{"line":13,"column":33}},"2":{"start":{"line":14,"column":16},"end":{"line":14,"column":71}},"3":{"start":{"line":16,"column":2},"end":{"line":22,"column":4}}},"fnMap":{"0":{"name":"renderWithTheme","decl":{"start":{"line":12,"column":16},"end":{"line":12,"column":31}},"loc":{"start":{"line":12,"column":54},"end":{"line":23,"column":1}},"line":12}},"branchMap":{},"s":{"0":2,"1":4,"2":4,"3":4},"f":{"0":4},"b":{},"_coverageSchema":"1a1c01bbd47fc00a2c39e90264f33305004495a9","hash":"edcfa6feb849026d5a7efb8bbd68fb18dd35e0d9"}
,"C:\\Users\\biel_\\Projects\\StarWarsExplorerMobile\\src\\hooks\\useAppDispatch.ts": {"path":"C:\\Users\\biel_\\Projects\\StarWarsExplorerMobile\\src\\hooks\\useAppDispatch.ts","statementMap":{"0":{"start":{"line":4,"column":49},"end":{"line":4,"column":60}}},"fnMap":{},"branchMap":{},"s":{"0":2},"f":{},"b":{},"_coverageSchema":"1a1c01bbd47fc00a2c39e90264f33305004495a9","hash":"134a6baf31fdcd0d270280d07d270190c80e502e"}
,"C:\\Users\\biel_\\Projects\\StarWarsExplorerMobile\\src\\hooks\\useAppSelector.ts": {"path":"C:\\Users\\biel_\\Projects\\StarWarsExplorerMobile\\src\\hooks\\useAppSelector.ts","statementMap":{"0":{"start":{"line":5,"column":63},"end":{"line":5,"column":74}}},"fnMap":{},"branchMap":{},"s":{"0":1},"f":{},"b":{},"_coverageSchema":"1a1c01bbd47fc00a2c39e90264f33305004495a9","hash":"e31bdb52ff4a47b3cfcb47c11eee6289092e55fc"}
,"C:\\Users\\biel_\\Projects\\StarWarsExplorerMobile\\src\\providers\\ThemeProvider.tsx": {"path":"C:\\Users\\biel_\\Projects\\StarWarsExplorerMobile\\src\\providers\\ThemeProvider.tsx","statementMap":{"0":{"start":{"line":6,"column":2},"end":{"line":10,"column":4}}},"fnMap":{"0":{"name":"ThemeProvider","decl":{"start":{"line":5,"column":24},"end":{"line":5,"column":37}},"loc":{"start":{"line":5,"column":69},"end":{"line":11,"column":1}},"line":5}},"branchMap":{},"s":{"0":4},"f":{"0":4},"b":{},"_coverageSchema":"1a1c01bbd47fc00a2c39e90264f33305004495a9","hash":"617d43b8d31911cfbd82ff2efde875869a5427ed"}
,"C:\\Users\\biel_\\Projects\\StarWarsExplorerMobile\\src\\reducers\\movies\\moviesSagas.ts": {"path":"C:\\Users\\biel_\\Projects\\StarWarsExplorerMobile\\src\\reducers\\movies\\moviesSagas.ts","statementMap":{"0":{"start":{"line":8,"column":19},"end":{"line":8,"column":26}},"1":{"start":{"line":10,"column":2},"end":{"line":18,"column":3}},"2":{"start":{"line":11,"column":54},"end":{"line":14,"column":5}},"3":{"start":{"line":15,"column":4},"end":{"line":15,"column":38}},"4":{"start":{"line":17,"column":4},"end":{"line":17,"column":34}},"5":{"start":{"line":22,"column":2},"end":{"line":22,"column":42}}},"fnMap":{"0":{"name":"loadMovies","decl":{"start":{"line":7,"column":17},"end":{"line":7,"column":27}},"loc":{"start":{"line":7,"column":30},"end":{"line":19,"column":1}},"line":7},"1":{"name":"watchAll","decl":{"start":{"line":21,"column":25},"end":{"line":21,"column":33}},"loc":{"start":{"line":21,"column":36},"end":{"line":23,"column":1}},"line":21}},"branchMap":{},"s":{"0":2,"1":2,"2":2,"3":1,"4":1,"5":0},"f":{"0":2,"1":0},"b":{},"_coverageSchema":"1a1c01bbd47fc00a2c39e90264f33305004495a9","hash":"c567641b4e0edcd86919ed8e1f6f60a2cba82837"}
,"C:\\Users\\biel_\\Projects\\StarWarsExplorerMobile\\src\\reducers\\movies\\moviesSelectors.ts": {"path":"C:\\Users\\biel_\\Projects\\StarWarsExplorerMobile\\src\\reducers\\movies\\moviesSelectors.ts","statementMap":{"0":{"start":{"line":3,"column":28},"end":{"line":3,"column":61}},"1":{"start":{"line":3,"column":50},"end":{"line":3,"column":61}},"2":{"start":{"line":5,"column":29},"end":{"line":5,"column":70}},"3":{"start":{"line":5,"column":51},"end":{"line":5,"column":70}}},"fnMap":{"0":{"name":"(anonymous_0)","decl":{"start":{"line":3,"column":28},"end":{"line":3,"column":29}},"loc":{"start":{"line":3,"column":50},"end":{"line":3,"column":61}},"line":3},"1":{"name":"(anonymous_1)","decl":{"start":{"line":5,"column":29},"end":{"line":5,"column":30}},"loc":{"start":{"line":5,"column":51},"end":{"line":5,"column":70}},"line":5}},"branchMap":{},"s":{"0":1,"1":1,"2":1,"3":1},"f":{"0":1,"1":1},"b":{},"_coverageSchema":"1a1c01bbd47fc00a2c39e90264f33305004495a9","hash":"fed35969ea05a9df8db2c5bf6e22a14074ce061d"}
,"C:\\Users\\biel_\\Projects\\StarWarsExplorerMobile\\src\\reducers\\movies\\moviesSlice.ts": {"path":"C:\\Users\\biel_\\Projects\\StarWarsExplorerMobile\\src\\reducers\\movies\\moviesSlice.ts","statementMap":{"0":{"start":{"line":13,"column":42},"end":{"line":18,"column":1}},"1":{"start":{"line":20,"column":27},"end":{"line":46,"column":2}},"2":{"start":{"line":25,"column":6},"end":{"line":25,"column":26}},"3":{"start":{"line":26,"column":6},"end":{"line":26,"column":29}},"4":{"start":{"line":29,"column":6},"end":{"line":29,"column":30}},"5":{"start":{"line":30,"column":6},"end":{"line":30,"column":35}},"6":{"start":{"line":33,"column":6},"end":{"line":33,"column":30}},"7":{"start":{"line":34,"column":6},"end":{"line":34,"column":25}},"8":{"start":{"line":37,"column":6},"end":{"line":43,"column":7}},"9":{"start":{"line":37,"column":41},"end":{"line":37,"column":70}},"10":{"start":{"line":38,"column":8},"end":{"line":40,"column":10}},"11":{"start":{"line":39,"column":22},"end":{"line":39,"column":51}},"12":{"start":{"line":42,"column":8},"end":{"line":42,"column":61}},"13":{"start":{"line":49,"column":2},"end":{"line":49,"column":21}}},"fnMap":{"0":{"name":"(anonymous_0)","decl":{"start":{"line":24,"column":4},"end":{"line":24,"column":5}},"loc":{"start":{"line":24,"column":21},"end":{"line":27,"column":5}},"line":24},"1":{"name":"(anonymous_1)","decl":{"start":{"line":28,"column":4},"end":{"line":28,"column":5}},"loc":{"start":{"line":28,"column":74},"end":{"line":31,"column":5}},"line":28},"2":{"name":"(anonymous_2)","decl":{"start":{"line":32,"column":4},"end":{"line":32,"column":5}},"loc":{"start":{"line":32,"column":28},"end":{"line":35,"column":5}},"line":32},"3":{"name":"(anonymous_3)","decl":{"start":{"line":36,"column":4},"end":{"line":36,"column":5}},"loc":{"start":{"line":36,"column":73},"end":{"line":44,"column":5}},"line":36},"4":{"name":"(anonymous_4)","decl":{"start":{"line":37,"column":29},"end":{"line":37,"column":30}},"loc":{"start":{"line":37,"column":41},"end":{"line":37,"column":70}},"line":37},"5":{"name":"(anonymous_5)","decl":{"start":{"line":39,"column":10},"end":{"line":39,"column":11}},"loc":{"start":{"line":39,"column":22},"end":{"line":39,"column":51}},"line":39}},"branchMap":{"0":{"loc":{"start":{"line":37,"column":6},"end":{"line":43,"column":7}},"type":"if","locations":[{"start":{"line":37,"column":6},"end":{"line":43,"column":7}},{"start":{"line":41,"column":13},"end":{"line":43,"column":7}}],"line":37}},"s":{"0":4,"1":4,"2":1,"3":1,"4":1,"5":1,"6":1,"7":1,"8":1,"9":0,"10":0,"11":0,"12":1,"13":4},"f":{"0":1,"1":1,"2":1,"3":1,"4":0,"5":0},"b":{"0":[0,1]},"_coverageSchema":"1a1c01bbd47fc00a2c39e90264f33305004495a9","hash":"13920542a5ba82e2b83ffea8f787ad9aaca75605"}
,"C:\\Users\\biel_\\Projects\\StarWarsExplorerMobile\\src\\screens\\HomeScreen\\HomeScreen.tsx": {"path":"C:\\Users\\biel_\\Projects\\StarWarsExplorerMobile\\src\\screens\\HomeScreen\\HomeScreen.tsx","statementMap":{"0":{"start":{"line":13,"column":19},"end":{"line":13,"column":35}},"1":{"start":{"line":14,"column":16},"end":{"line":14,"column":26}},"2":{"start":{"line":16,"column":2},"end":{"line":18,"column":17}},"3":{"start":{"line":17,"column":4},"end":{"line":17,"column":26}},"4":{"start":{"line":20,"column":35},"end":{"line":20,"column":63}},"5":{"start":{"line":21,"column":2},"end":{"line":21,"column":49}},"6":{"start":{"line":23,"column":21},"end":{"line":25,"column":12}},"7":{"start":{"line":24,"column":4},"end":{"line":24,"column":65}},"8":{"start":{"line":24,"column":36},"end":{"line":24,"column":63}},"9":{"start":{"line":27,"column":23},"end":{"line":27,"column":50}},"10":{"start":{"line":27,"column":29},"end":{"line":27,"column":50}},"11":{"start":{"line":29,"column":2},"end":{"line":48,"column":4}},"12":{"start":{"line":51,"column":18},"end":{"line":55,"column":1}},"13":{"start":{"line":53,"column":35},"end":{"line":53,"column":61}},"14":{"start":{"line":57,"column":14},"end":{"line":60,"column":1}},"15":{"start":{"line":58,"column":24},"end":{"line":58,"column":67}},"16":{"start":{"line":62,"column":17},"end":{"line":65,"column":1}},"17":{"start":{"line":64,"column":24},"end":{"line":64,"column":67}},"18":{"start":{"line":67,"column":17},"end":{"line":71,"column":1}},"19":{"start":{"line":70,"column":35},"end":{"line":70,"column":63}},"20":{"start":{"line":73,"column":24},"end":{"line":77,"column":1}},"21":{"start":{"line":79,"column":27},"end":{"line":81,"column":1}},"22":{"start":{"line":80,"column":24},"end":{"line":80,"column":50}}},"fnMap":{"0":{"name":"HomeScreen","decl":{"start":{"line":12,"column":24},"end":{"line":12,"column":34}},"loc":{"start":{"line":12,"column":37},"end":{"line":49,"column":1}},"line":12},"1":{"name":"(anonymous_1)","decl":{"start":{"line":16,"column":12},"end":{"line":16,"column":13}},"loc":{"start":{"line":16,"column":18},"end":{"line":18,"column":3}},"line":16},"2":{"name":"(anonymous_2)","decl":{"start":{"line":23,"column":29},"end":{"line":23,"column":30}},"loc":{"start":{"line":23,"column":35},"end":{"line":25,"column":3}},"line":23},"3":{"name":"(anonymous_3)","decl":{"start":{"line":24,"column":26},"end":{"line":24,"column":27}},"loc":{"start":{"line":24,"column":36},"end":{"line":24,"column":63}},"line":24},"4":{"name":"(anonymous_4)","decl":{"start":{"line":27,"column":23},"end":{"line":27,"column":24}},"loc":{"start":{"line":27,"column":29},"end":{"line":27,"column":50}},"line":27},"5":{"name":"(anonymous_5)","decl":{"start":{"line":39,"column":43},"end":{"line":39,"column":44}},"loc":{"start":{"line":39,"column":49},"end":{"line":39,"column":51}},"line":39},"6":{"name":"(anonymous_6)","decl":{"start":{"line":53,"column":22},"end":{"line":53,"column":23}},"loc":{"start":{"line":53,"column":35},"end":{"line":53,"column":61}},"line":53},"7":{"name":"(anonymous_7)","decl":{"start":{"line":58,"column":11},"end":{"line":58,"column":12}},"loc":{"start":{"line":58,"column":24},"end":{"line":58,"column":67}},"line":58},"8":{"name":"(anonymous_8)","decl":{"start":{"line":64,"column":11},"end":{"line":64,"column":12}},"loc":{"start":{"line":64,"column":24},"end":{"line":64,"column":67}},"line":64},"9":{"name":"(anonymous_9)","decl":{"start":{"line":70,"column":22},"end":{"line":70,"column":23}},"loc":{"start":{"line":70,"column":35},"end":{"line":70,"column":63}},"line":70},"10":{"name":"(anonymous_10)","decl":{"start":{"line":80,"column":11},"end":{"line":80,"column":12}},"loc":{"start":{"line":80,"column":24},"end":{"line":80,"column":50}},"line":80}},"branchMap":{"0":{"loc":{"start":{"line":33,"column":7},"end":{"line":37,"column":7}},"type":"binary-expr","locations":[{"start":{"line":33,"column":7},"end":{"line":33,"column":16}},{"start":{"line":34,"column":8},"end":{"line":36,"column":10}}],"line":33}},"s":{"0":1,"1":1,"2":1,"3":1,"4":1,"5":1,"6":1,"7":1,"8":0,"9":1,"10":0,"11":1,"12":1,"13":1,"14":1,"15":1,"16":1,"17":1,"18":1,"19":1,"20":1,"21":1,"22":0},"f":{"0":1,"1":1,"2":1,"3":0,"4":0,"5":0,"6":1,"7":1,"8":1,"9":1,"10":0},"b":{"0":[1,0]},"_coverageSchema":"1a1c01bbd47fc00a2c39e90264f33305004495a9","hash":"99405073c695aed52d39a6f3839695a89ce38b32"}
,"C:\\Users\\biel_\\Projects\\StarWarsExplorerMobile\\src\\screens\\HomeScreen\\MovieItem.tsx": {"path":"C:\\Users\\biel_\\Projects\\StarWarsExplorerMobile\\src\\screens\\HomeScreen\\MovieItem.tsx","statementMap":{"0":{"start":{"line":14,"column":18},"end":{"line":52,"column":2}},"1":{"start":{"line":15,"column":19},"end":{"line":15,"column":35}},"2":{"start":{"line":16,"column":19},"end":{"line":16,"column":29}},"3":{"start":{"line":18,"column":27},"end":{"line":20,"column":3}},"4":{"start":{"line":19,"column":4},"end":{"line":19,"column":53}},"5":{"start":{"line":22,"column":2},"end":{"line":51,"column":4}},"6":{"start":{"line":54,"column":18},"end":{"line":58,"column":1}},"7":{"start":{"line":56,"column":35},"end":{"line":56,"column":67}},"8":{"start":{"line":60,"column":20},"end":{"line":64,"column":1}},"9":{"start":{"line":63,"column":58},"end":{"line":63,"column":72}}},"fnMap":{"0":{"name":"(anonymous_0)","decl":{"start":{"line":14,"column":23},"end":{"line":14,"column":24}},"loc":{"start":{"line":14,"column":56},"end":{"line":52,"column":1}},"line":14},"1":{"name":"(anonymous_1)","decl":{"start":{"line":18,"column":27},"end":{"line":18,"column":28}},"loc":{"start":{"line":18,"column":33},"end":{"line":20,"column":3}},"line":18},"2":{"name":"(anonymous_2)","decl":{"start":{"line":56,"column":22},"end":{"line":56,"column":23}},"loc":{"start":{"line":56,"column":35},"end":{"line":56,"column":67}},"line":56},"3":{"name":"(anonymous_3)","decl":{"start":{"line":63,"column":21},"end":{"line":63,"column":22}},"loc":{"start":{"line":63,"column":58},"end":{"line":63,"column":72}},"line":63}},"branchMap":{"0":{"loc":{"start":{"line":43,"column":20},"end":{"line":43,"column":56}},"type":"cond-expr","locations":[{"start":{"line":43,"column":33},"end":{"line":43,"column":42}},{"start":{"line":43,"column":45},"end":{"line":43,"column":56}}],"line":43},"1":{"loc":{"start":{"line":63,"column":23},"end":{"line":63,"column":52}},"type":"default-arg","locations":[{"start":{"line":63,"column":40},"end":{"line":63,"column":52}}],"line":63}},"s":{"0":2,"1":4,"2":4,"3":4,"4":1,"5":4,"6":2,"7":4,"8":2,"9":16},"f":{"0":4,"1":1,"2":4,"3":16},"b":{"0":[1,3],"1":[12]},"_coverageSchema":"1a1c01bbd47fc00a2c39e90264f33305004495a9","hash":"2a68b69f63b71aec881bd4189f7fac4dc7946521"}
,"C:\\Users\\biel_\\Projects\\StarWarsExplorerMobile\\src\\screens\\HomeScreen\\MoviesList.tsx": {"path":"C:\\Users\\biel_\\Projects\\StarWarsExplorerMobile\\src\\screens\\HomeScreen\\MoviesList.tsx","statementMap":{"0":{"start":{"line":14,"column":18},"end":{"line":14,"column":47}},"1":{"start":{"line":16,"column":45},"end":{"line":21,"column":3}},"2":{"start":{"line":17,"column":4},"end":{"line":20,"column":6}},"3":{"start":{"line":19,"column":43},"end":{"line":19,"column":64}},"4":{"start":{"line":23,"column":2},"end":{"line":29,"column":4}},"5":{"start":{"line":27,"column":29},"end":{"line":27,"column":38}},"6":{"start":{"line":32,"column":28},"end":{"line":32,"column":75}}},"fnMap":{"0":{"name":"MoviesList","decl":{"start":{"line":13,"column":24},"end":{"line":13,"column":34}},"loc":{"start":{"line":13,"column":53},"end":{"line":30,"column":1}},"line":13},"1":{"name":"(anonymous_1)","decl":{"start":{"line":16,"column":45},"end":{"line":16,"column":46}},"loc":{"start":{"line":17,"column":4},"end":{"line":20,"column":6}},"line":17},"2":{"name":"(anonymous_2)","decl":{"start":{"line":19,"column":31},"end":{"line":19,"column":32}},"loc":{"start":{"line":19,"column":43},"end":{"line":19,"column":64}},"line":19},"3":{"name":"(anonymous_3)","decl":{"start":{"line":27,"column":20},"end":{"line":27,"column":21}},"loc":{"start":{"line":27,"column":29},"end":{"line":27,"column":38}},"line":27}},"branchMap":{},"s":{"0":1,"1":1,"2":1,"3":0,"4":1,"5":1,"6":1},"f":{"0":1,"1":1,"2":0,"3":1},"b":{},"_coverageSchema":"1a1c01bbd47fc00a2c39e90264f33305004495a9","hash":"f48ee0c942548b43b22e060749af972e2d0c2764"}
}
