TN:
SF:src\components\Text.tsx
FN:9,(anonymous_0)
FN:10,(anonymous_1)
FNF:2
FNH:2
FNDA:30,(anonymous_0)
FNDA:30,(anonymous_1)
DA:9,30
DA:11,30
LF:2
LH:2
BRDA:11,0,0,30
BRDA:11,0,1,8
BRF:2
BRH:2
end_of_record
TN:
SF:src\config\api.ts
FNF:0
FNH:0
DA:4,1
LF:1
LH:1
BRF:0
BRH:0
end_of_record
TN:
SF:src\config\colors.ts
FNF:0
FNH:0
DA:1,2
LF:1
LH:1
BRF:0
BRH:0
end_of_record
TN:
SF:src\config\theme.ts
FNF:0
FNH:0
DA:3,2
LF:1
LH:1
BRF:0
BRH:0
end_of_record
TN:
SF:src\helpers\setupTestHelper.tsx
FN:12,renderWithTheme
FNF:1
FNH:1
FNDA:4,renderWithTheme
DA:10,2
DA:13,4
DA:14,4
DA:16,4
LF:4
LH:4
BRF:0
BRH:0
end_of_record
TN:
SF:src\hooks\useAppDispatch.ts
FNF:0
FNH:0
DA:4,2
LF:1
LH:1
BRF:0
BRH:0
end_of_record
TN:
SF:src\hooks\useAppSelector.ts
FNF:0
FNH:0
DA:5,1
LF:1
LH:1
BRF:0
BRH:0
end_of_record
TN:
SF:src\providers\ThemeProvider.tsx
FN:5,ThemeProvider
FNF:1
FNH:1
FNDA:4,ThemeProvider
DA:6,4
LF:1
LH:1
BRF:0
BRH:0
end_of_record
TN:
SF:src\reducers\movies\moviesSagas.ts
FN:7,loadMovies
FN:21,watchAll
FNF:2
FNH:1
FNDA:2,loadMovies
FNDA:0,watchAll
DA:8,2
DA:10,2
DA:11,2
DA:15,1
DA:17,1
DA:22,0
LF:6
LH:5
BRF:0
BRH:0
end_of_record
TN:
SF:src\reducers\movies\moviesSelectors.ts
FN:3,(anonymous_0)
FN:5,(anonymous_1)
FNF:2
FNH:2
FNDA:1,(anonymous_0)
FNDA:1,(anonymous_1)
DA:3,1
DA:5,1
LF:2
LH:2
BRF:0
BRH:0
end_of_record
TN:
SF:src\reducers\movies\moviesSlice.ts
FN:24,(anonymous_0)
FN:28,(anonymous_1)
FN:32,(anonymous_2)
FN:36,(anonymous_3)
FN:37,(anonymous_4)
FN:39,(anonymous_5)
FNF:6
FNH:4
FNDA:1,(anonymous_0)
FNDA:1,(anonymous_1)
FNDA:1,(anonymous_2)
FNDA:1,(anonymous_3)
FNDA:0,(anonymous_4)
FNDA:0,(anonymous_5)
DA:13,4
DA:20,4
DA:25,1
DA:26,1
DA:29,1
DA:30,1
DA:33,1
DA:34,1
DA:37,1
DA:38,0
DA:39,0
DA:42,1
DA:49,4
LF:13
LH:11
BRDA:37,0,0,0
BRDA:37,0,1,1
BRF:2
BRH:1
end_of_record
TN:
SF:src\screens\HomeScreen\HomeScreen.tsx
FN:12,HomeScreen
FN:16,(anonymous_1)
FN:23,(anonymous_2)
FN:24,(anonymous_3)
FN:27,(anonymous_4)
FN:39,(anonymous_5)
FN:53,(anonymous_6)
FN:58,(anonymous_7)
FN:64,(anonymous_8)
FN:70,(anonymous_9)
FN:80,(anonymous_10)
FNF:11
FNH:7
FNDA:1,HomeScreen
FNDA:1,(anonymous_1)
FNDA:1,(anonymous_2)
FNDA:0,(anonymous_3)
FNDA:0,(anonymous_4)
FNDA:0,(anonymous_5)
FNDA:1,(anonymous_6)
FNDA:1,(anonymous_7)
FNDA:1,(anonymous_8)
FNDA:1,(anonymous_9)
FNDA:0,(anonymous_10)
DA:13,1
DA:14,1
DA:16,1
DA:17,1
DA:20,1
DA:21,1
DA:23,1
DA:24,1
DA:27,1
DA:29,1
DA:51,1
DA:53,1
DA:57,1
DA:58,1
DA:62,1
DA:64,1
DA:67,1
DA:70,1
DA:73,1
DA:79,1
DA:80,0
LF:21
LH:20
BRDA:33,0,0,1
BRDA:33,0,1,0
BRF:2
BRH:1
end_of_record
TN:
SF:src\screens\HomeScreen\MovieItem.tsx
FN:14,(anonymous_0)
FN:18,(anonymous_1)
FN:56,(anonymous_2)
FN:63,(anonymous_3)
FNF:4
FNH:4
FNDA:4,(anonymous_0)
FNDA:1,(anonymous_1)
FNDA:4,(anonymous_2)
FNDA:16,(anonymous_3)
DA:14,2
DA:15,4
DA:16,4
DA:18,4
DA:19,1
DA:22,4
DA:54,2
DA:56,4
DA:60,2
DA:63,16
LF:10
LH:10
BRDA:43,0,0,1
BRDA:43,0,1,3
BRDA:63,1,0,12
BRF:3
BRH:3
end_of_record
TN:
SF:src\screens\HomeScreen\MoviesList.tsx
FN:13,MoviesList
FN:16,(anonymous_1)
FN:19,(anonymous_2)
FN:27,(anonymous_3)
FNF:4
FNH:3
FNDA:1,MoviesList
FNDA:1,(anonymous_1)
FNDA:0,(anonymous_2)
FNDA:1,(anonymous_3)
DA:14,1
DA:16,1
DA:17,1
DA:19,0
DA:23,1
DA:27,1
DA:32,1
LF:7
LH:6
BRF:0
BRH:0
end_of_record
